Sencha Cmd 7.3.0.19 - Crash report
================================================
An error occurred while executing the following command: -sdk C:\Users\jang\sencha-workspace\extJs generate app Study ./ -classic

Diagnostic information:
=======================
                         app.archivePath : archive                                           
                      app.bootstrap.base : C:\Users\jang\sencha-workspace\extJs              
                       app.bootstrap.css : bootstrap.css                                     
               app.bootstrap.microloader : bootstrap.js                                      
                        app.cache.deltas : true                                              
                        app.cache.enable : false                                             
                           app.classpath : app                                               
                         app.classpath.0 : app                                               
                    app.classpath.length : 1                                                 
                          app.compressor : null                                              
                          app.config.dir : C:\Users\jang\senchaCmd\ant\build\app             
                app.cordova.cache.enable : false                                             
                   app.cordova.config.id : com.domain.Study                                  
                 app.cordova.config.name : Study                                             
                 app.cordova.config.path : C:\Users\jang\sencha-workspace\extJs/cordova      
               app.cordova.config.target :                                                   
              app.cordova.config.verbose : false                                             
                   app.cordova.js.0.path : cordova.js                                        
               app.cordova.js.0.priority : 1000                                              
                 app.cordova.js.0.remote : true                                              
                   app.cordova.js.length : 1                                                 
                 app.cordova.microloader : C:\Users\jang\senchaCmd\ant\build\app/Microloader.js
      app.cordova.output.appCache.enable : false                                             
                 app.cordova.output.base : C:\Users\jang\sencha-workspace\extJs/cordova/www  
             app.cordova.output.manifest : ${build.id}.json                                  
                 app.cordova.output.page : index.html                                        
             app.development.watch.delay : 250                                               
                                 app.dir : C:\Users\jang\sencha-workspace\extJs              
              app.fashion.inliner.enable : false                                             
           app.fashion.missingParameters : error                                             
                           app.framework : ext                                               
                                  app.id : bde74e26-ca19-4d96-b767-6b2b5b1fb528              
                       app.indexHtmlPath : index.html                                        
                        app.loader.cache : false                                             
                   app.loader.cacheParam : _dc                                               
                                app.name : Study                                             
                           app.namespace : Study                                             
              app.output.appCache.enable : false                                             
                         app.output.base : C:\Users\jang\sencha-workspace\extJs/build/${build.environment}/Study
           app.output.microloader.enable : true                                              
                           app.overrides : overrides                                         
                         app.overrides.0 : overrides                                         
                    app.overrides.length : 1                                                 
               app.phonegap.cache.enable : false                                             
                  app.phonegap.config.id : com.domain.Study                                  
                app.phonegap.config.name : Study                                             
                app.phonegap.config.path : C:\Users\jang\sencha-workspace\extJs/phonegap     
              app.phonegap.config.remote : false                                             
             app.phonegap.config.verbose : false                                             
                  app.phonegap.js.0.path : cordova.js                                        
              app.phonegap.js.0.priority : 1000                                              
                app.phonegap.js.0.remote : true                                              
                  app.phonegap.js.length : 1                                                 
                app.phonegap.microloader : C:\Users\jang\senchaCmd\ant\build\app/Microloader.js
     app.phonegap.output.appCache.enable : false                                             
                app.phonegap.output.base : C:\Users\jang\sencha-workspace\extJs/phonegap/www 
            app.phonegap.output.manifest : ${build.id}.json                                  
                app.phonegap.output.page : index.html                                        
             app.production.cache.enable : true                                              
          app.production.compressor.type : yui                                               
             app.production.loader.cache : ${build.timestamp}                                
   app.production.output.appCache.enable : false                                             
     app.production.output.appCache.path : cache.appcache                                    
                        app.sass.dynamic : true                                              
                            app.sass.etc : sass/etc/all.scss                                 
                          app.sass.etc.0 : sass/etc/all.scss                                 
                     app.sass.etc.length : 1                                                 
                        app.sass.fashion : true                                              
                  app.sass.generated.src : sass/save                                         
                  app.sass.generated.var : sass/save.scss                                    
                      app.sass.namespace : Study                                             
                            app.sass.src : sass/src                                          
                          app.sass.src.0 : sass/src                                          
                     app.sass.src.length : 1                                                 
                            app.sass.var : sass/var/all.scss,sass/var                        
                          app.sass.var.0 : sass/var/all.scss                                 
                          app.sass.var.1 : sass/var                                          
                     app.sass.var.length : 2                                                 
                 app.slicer.cache.enable : false                                             
        app.slicer.js.0.isWidgetManifest : true                                              
                    app.slicer.js.0.path : sass/example/custom.js                            
                    app.slicer.js.length : 1                                                 
       app.slicer.output.appCache.enable : false                                             
                               app.theme : theme-triton                                      
                             app.toolkit : classic                                           
                             app.version : 1.0.0.0                                           
                    buildenvironment.dir : C:\Users\jang\sencha-workspace\extJs              
               buildenvironment.load.dir : C:\Users\jang\sencha-workspace\extJs              
                          cmd.config.dir : C:\Users\jang\senchaCmd                           
                                 cmd.dir : C:\Users\jang\senchaCmd                           
                    cmd.framework.minver : 5.5.0                                             
                   cmd.framework.version : 99.99                                             
              cmd.merge.tool.args.araxis : -wait -merge -3 -a1 {base} {user} {generated} {out}
              cmd.merge.tool.args.kdiff3 : {base} {user} {generated} -o {out}                
             cmd.merge.tool.args.p4merge : {base} {user} {generated} {out}                   
           cmd.merge.tool.args.smartsync : {user} {generated} {base}                         
          cmd.merge.tool.args.sourcegear : --merge --result={out} {user} {base} {generated}  
            cmd.merge.tool.args.tortoise : -base:{base} -theirs:{generated} -mine:{user} -merged:{out}
                              cmd.minver : 3.0.0.0                                           
                            cmd.platform : windows                                           
                     cmd.unicode.escapes : C:\Users\jang\senchaCmd/unicode-escapes.json      
                             cmd.version : 7.3.0.19                                          
                            cmd.web.port : 1841                                              
                     config.skipDownload : true                                              
                      config.skipInherit : false                                             
                        ext.license.name : gpl                                               
                     framework.build.dir : ${package.output.base}                            
                     framework.classpath : ${package.dir}/src                                
                    framework.cmd.minver : 7.0.0.40                                          
                   framework.cmd.version : 7.0.0.40                                          
                 framework.compatVersion : 7.0.0                                             
                    framework.config.dir : C:\Users\jang\senchaCmd\plugins\ext\current       
                       framework.creator : Sencha                                            
           framework.detailedDescription : Sencha Ext JS JavaScript Framework                
                           framework.dir : C:\Users\jang\sencha-workspace\extJs\ext          
                  framework.example.apps : admin-dashboard,executive-dashboard,feed-viewer,kitchensink,calendar,classic/desktop,classic/ticket-app,classic/portal,classic/simple-tasks,classic/responsive-app,classic/aria,modern/addressbook,modern/blackberry,modern/energy,modern/stockapp,modern/states,modern/geocongress,modern/oreilly
                framework.example.apps.0 : admin-dashboard                                   
                framework.example.apps.1 : executive-dashboard                               
               framework.example.apps.10 : classic/aria                                      
               framework.example.apps.11 : modern/addressbook                                
               framework.example.apps.12 : modern/blackberry                                 
               framework.example.apps.13 : modern/energy                                     
               framework.example.apps.14 : modern/stockapp                                   
               framework.example.apps.15 : modern/states                                     
               framework.example.apps.16 : modern/geocongress                                
               framework.example.apps.17 : modern/oreilly                                    
                framework.example.apps.2 : feed-viewer                                       
                framework.example.apps.3 : kitchensink                                       
                framework.example.apps.4 : calendar                                          
                framework.example.apps.5 : classic/desktop                                   
                framework.example.apps.6 : classic/ticket-app                                
                framework.example.apps.7 : classic/portal                                    
                framework.example.apps.8 : classic/simple-tasks                              
                framework.example.apps.9 : classic/responsive-app                            
           framework.example.apps.length : 18                                                
                  framework.example.path : examples,templates                                
                framework.example.path.0 : examples                                          
                framework.example.path.1 : templates                                         
           framework.example.path.length : 2                                                 
                        framework.format : 1                                                 
                          framework.isV5 : true                                              
                          framework.isV6 : true                                              
                         framework.isV62 : true                                              
                         framework.isV65 : true                                              
     framework.language.js.input.version : ES5                                               
                          framework.name : ext                                               
                     framework.namespace : Ext                                               
                        framework.output : ${package.dir}/build                              
                     framework.overrides : ${package.dir}/overrides                          
                  framework.packages.dir : C:\Users\jang\sencha-workspace\extJs\ext/packages/,C:\Users\jang\sencha-workspace\extJs\ext/classic
                framework.resource.paths : resources                                         
              framework.resource.paths.0 : resources                                         
         framework.resource.paths.length : 1                                                 
                      framework.sass.etc : ${package.dir}/sass/etc/all.scss                  
                  framework.sass.fashion : true                                              
                framework.sass.namespace : Ext                                               
                      framework.sass.src : ${package.dir}/sass/src                           
                      framework.sass.var : ${package.dir}/sass/var                           
        framework.signatures.0.algorithm : SHA1withRSA                                       
          framework.signatures.0.created : 2020-01-14T07:08:07Z                              
             framework.signatures.0.name : Sencha                                            
            framework.signatures.0.nonce : 7nieRql1fas=                                      
        framework.signatures.0.signature : UjGi4mP+Kp+YsuDnMvsGW+WAq1tB3AxpaZUL9VKqj8M7rPHwTAa11w5AG8hYisuic+h2sqEevIL0UQ6CBwBGQHsZOC0qpYi5wmYGouiGPAkTiGyZv1Qh0Ocvy2EVHMstXgjwkIGG64Pe5rP1wfgu+3of0Qpi0vu/XhPTaCAKkr5GVHoLbSPlsBIxjeKSro7C/m4eeQDCIxjwypW2aVk3kpyqqQmhDQjRxy+qEK652uWDUgOB6wIXLK2fVzhqgRSPudOm6HB7uS5re3qEHN0JmICW8sTnPTrYeUVilBoibBrcltwg3PPZqMpcwRvSumnE+60U1GYZTpd9Cq1OiiEusw==
             framework.signatures.0.uuid : 1d6b0d9c-3333-4e65-885f-5b07a1fc3198              
             framework.signatures.length : 1                                                 
                   framework.subpkgs.dir : ${package.dir}                                    
              framework.subpkgs.packages : classic/classic,modern/modern,packages/charts,packages/amf,packages/soap,packages/ux,packages/google,packages/legacy,packages/font-awesome,packages/font-pictos,packages/font-ext
            framework.subpkgs.packages.0 : classic/classic                                   
            framework.subpkgs.packages.1 : modern/modern                                     
           framework.subpkgs.packages.10 : packages/font-ext                                 
            framework.subpkgs.packages.2 : packages/charts                                   
            framework.subpkgs.packages.3 : packages/amf                                      
            framework.subpkgs.packages.4 : packages/soap                                     
            framework.subpkgs.packages.5 : packages/ux                                       
            framework.subpkgs.packages.6 : packages/google                                   
            framework.subpkgs.packages.7 : packages/legacy                                   
            framework.subpkgs.packages.8 : packages/font-awesome                             
            framework.subpkgs.packages.9 : packages/font-pictos                              
       framework.subpkgs.packages.length : 11                                                
                       framework.summary : Ext JS                                            
                          framework.type : framework                                         
                       framework.version : 7.0.0.168                                         
                       inspector.address : http://localhost:1839/                            
                            minimal.mode : true                                              
                    package.sass.dynamic : true                                              
                          repo.local.dir : C:\Users\jang\repo                                
                       shared.sencha.dir : true                                              
        system.java.net.useSystemProxies : true                                              
                              theme.name : theme-triton                                      
                            toolkit.name : classic                                           
                          workspace.apps :                                                   
                        workspace.apps.0 :                                                   
                   workspace.apps.length : 1                                                 
                     workspace.build.dir : C:\Users\jang\sencha-workspace\extJs/build        
                    workspace.config.dir : C:\Users\jang\senchaCmd\ant\build\workspace       
                           workspace.dir : C:\Users\jang\sencha-workspace\extJs              
           workspace.frameworks.ext.path : C:\Users\jang\sencha-workspace\extJs\ext          
        workspace.frameworks.ext.version : 7.0.0.168                                         
                  workspace.packages.dir : C:\Users\jang\sencha-workspace\extJs/packages/local,C:\Users\jang\sencha-workspace\extJs/packages
              workspace.packages.extract : C:\Users\jang\sencha-workspace\extJs/packages/remote

Exception information:
=======================
com.sencha.exceptions.ExState: Not a framework directory : C:\Users\jang\sencha-workspace\extJs
     at com.sencha.cli.AbstractCommand$Property.set(AbstractCommand.java:408)
     at com.sencha.cli.AbstractCommand.processConfigParam(AbstractCommand.java:530)
     at com.sencha.cli.AbstractCommand.configure(AbstractCommand.java:114)
     at com.sencha.command.Sencha.main(Sencha.java:135)
     at sun.reflect.NativeMethodAccessorImpl.invoke0(Native Method)
     at sun.reflect.NativeMethodAccessorImpl.invoke(NativeMethodAccessorImpl.java:62)
     at sun.reflect.DelegatingMethodAccessorImpl.invoke(DelegatingMethodAccessorImpl.java:43)
     at java.lang.reflect.Method.invoke(Method.java:498)
     at com.exe4j.runtime.LauncherEngine.launch(LauncherEngine.java:84)
     at com.exe4j.runtime.WinLauncher.main(WinLauncher.java:94)
     at com.install4j.runtime.launcher.WinLauncher.main(WinLauncher.java:25)
   Caused by: Not a framework directory : C:\Users\jang\sencha-workspace\extJs
     at com.sencha.command.Sencha.setSdkPath(Sencha.java:439)
     at sun.reflect.NativeMethodAccessorImpl.invoke0(Native Method)
     at sun.reflect.NativeMethodAccessorImpl.invoke(NativeMethodAccessorImpl.java:62)
     at sun.reflect.DelegatingMethodAccessorImpl.invoke(DelegatingMethodAccessorImpl.java:43)
     at java.lang.reflect.Method.invoke(Method.java:498)
     at com.sencha.cli.AbstractCommand$Property.set(AbstractCommand.java:396)
     at com.sencha.cli.AbstractCommand.processConfigParam(AbstractCommand.java:530)
     at com.sencha.cli.AbstractCommand.configure(AbstractCommand.java:114)
     at com.sencha.command.Sencha.main(Sencha.java:135)
     at sun.reflect.NativeMethodAccessorImpl.invoke0(Native Method)
     at sun.reflect.NativeMethodAccessorImpl.invoke(NativeMethodAccessorImpl.java:62)
     at sun.reflect.DelegatingMethodAccessorImpl.invoke(DelegatingMethodAccessorImpl.java:43)
     at java.lang.reflect.Method.invoke(Method.java:498)
     at com.exe4j.runtime.LauncherEngine.launch(LauncherEngine.java:84)
     at com.exe4j.runtime.WinLauncher.main(WinLauncher.java:94)
     at com.install4j.runtime.launcher.WinLauncher.main(WinLauncher.java:25)

